<?xml version="1.0" encoding="UTF-8"?>
<testng-results ignored="0" total="1" passed="1" failed="0" skipped="0">
  <reporter-output>
  </reporter-output>
  <suite started-at="2026-02-06T19:37:36 CET" name="Monefy Suite" finished-at="2026-02-06T19:39:15 CET" duration-ms="98978">
    <groups>
    </groups>
    <test started-at="2026-02-06T19:37:36 CET" name="E2E Tests" finished-at="2026-02-06T19:39:15 CET" duration-ms="98978">
      <class name="com.monefy.tests.E2EFinancialCorrectionTest">
        <test-method is-config="true" signature="setUp()[pri:0, instance:com.monefy.tests.E2EFinancialCorrectionTest@72035809]" started-at="2026-02-06T19:37:36 CET" name="setUp" finished-at="2026-02-06T19:37:58 CET" duration-ms="22096" status="PASS">
          <reporter-output>
          </reporter-output>
        </test-method> <!-- setUp -->
        <test-method signature="verifyTransactionCorrectionUpdatesBalance()[pri:0, instance:com.monefy.tests.E2EFinancialCorrectionTest@72035809]" started-at="2026-02-06T19:37:58 CET" name="verifyTransactionCorrectionUpdatesBalance" finished-at="2026-02-06T19:39:12 CET" duration-ms="74271" status="PASS">
          <reporter-output>
          </reporter-output>
        </test-method> <!-- verifyTransactionCorrectionUpdatesBalance -->
        <test-method is-config="true" signature="tearDown(org.testng.ITestResult)[pri:0, instance:com.monefy.tests.E2EFinancialCorrectionTest@72035809]" started-at="2026-02-06T19:39:14 CET" name="tearDown" finished-at="2026-02-06T19:39:15 CET" duration-ms="992" status="PASS">
          <params>
            <param index="0">
              <value>
                <![CDATA[[TestResult name=verifyTransactionCorrectionUpdatesBalance status=SUCCESS method=E2EFinancialCorrectionTest.verifyTransactionCorrectionUpdatesBalance()[pri:0, instance:com.monefy.tests.E2EFinancialCorrectionTest@72035809] output={null}]]]>
              </value>
            </param>
          </params>
          <reporter-output>
          </reporter-output>
        </test-method> <!-- tearDown -->
      </class> <!-- com.monefy.tests.E2EFinancialCorrectionTest -->
    </test> <!-- E2E Tests -->
  </suite> <!-- Monefy Suite -->
</testng-results>
