<?xml version="1.0" encoding="UTF-8"?>
<!-- Generated by org.testng.reporters.JUnitXMLReporter -->
<testsuite ignored="0" hostname="kush" failures="1" tests="1" name="Command line test" time="40.662" errors="0" timestamp="2026-02-06T02:18:13 CET">
  <testcase classname="com.monefy.tests.ExpenseTest" name="testAddExpense" time="10.781">
    <failure type="org.openqa.selenium.TimeoutException" message="Expected condition failed: waiting for element to be clickable: AppiumBy.id: com.monefy.app.lite:id/minus_button (tried for 10 second(s) with 500 milliseconds interval)
Build info: version: &amp;apos;4.13.0&amp;apos;, revision: &amp;apos;ba948ece5b*&amp;apos;
System info: os.name: &amp;apos;Windows 11&amp;apos;, os.arch: &amp;apos;amd64&amp;apos;, os.version: &amp;apos;10.0&amp;apos;, java.version: &amp;apos;19.0.1&amp;apos;
Driver info: io.appium.java_client.android.AndroidDriver
Capabilities {appium:adbHost: 172.20.0.147, appium:adbPort: 17107, appium:appActivity: com.monefy.activities.main...., appium:appPackage: com.monefy.app.lite, appium:appiumData: {appiumVersion: stable, automationName: UiAutomator2}, appium:automationName: UiAutomator2, appium:chromedriverChromeMappingFile: /root/.testobject_devices/w..., appium:chromedriverExecutableDir: /root/.testobject_devices/w..., appium:chromedriverPorts: [[3250, 3260]], appium:databaseEnabled: false, appium:desired: {adbHost: 172.20.0.147, adbPort: 17107, appActivity: com.monefy.activities.main...., appPackage: com.monefy.app.lite, automationName: UiAutomator2, chromedriverChromeMappingFile: /root/.testobject_devices/w..., chromedriverExecutableDir: /root/.testobject_devices/w..., chromedriverPorts: [[3250, 3260]], deviceName: Samsung_Galaxy_S23_FE_free, flutterSystemPort: 22607, noReset: false, platformName: Android, remoteAdbHost: 172.20.0.147, remoteAppsCacheLimit: 0, sauce:chromeOptions: {androidDevToolsPort: 22307}, sauce:options: {appiumVersion: stable, build: Monefy-Build-1, name: Android Monefy Test, username: oauth-sadginayak.15-1b0c5}, suppressKillServer: true, systemPort: 21107, uiautomator2ServerInstallTimeout: 60000}, appium:deviceApiLevel: 36, appium:deviceContextId: b067e770-cd69-4bf5-a013-791..., appium:deviceManufacturer: samsung, appium:deviceModel: SM-S711B, appium:deviceName: RZCX80A0ELV, appium:deviceScreenDensity: 450, appium:deviceScreenSize: 1080x2340, appium:deviceUDID: RZCX80A0ELV, appium:flutterSystemPort: 22607, appium:javascriptEnabled: true, appium:jobUuid: cfe6e91f76b240f38c878196af8..., appium:locationContextEnabled: false, appium:networkConnectionEnabled: true, appium:noReset: false, appium:pixelRatio: 2.8125, appium:platformVersion: 16, appium:remoteAdbHost: 172.20.0.147, appium:remoteAppsCacheLimit: 0, appium:statBarHeight: 80, appium:suppressKillServer: true, appium:systemPort: 21107, appium:takesScreenshot: true, appium:testobject_device: Samsung_Galaxy_S23_FE_free, appium:testobject_device_name: Samsung Galaxy S23 FE, appium:testobject_device_session_id: d216723c-ff2f-46e2-b903-f08..., appium:testobject_test_report_api_url: https://api.eu-central-1.sa..., appium:testobject_test_report_url: https://app.eu-central-1.sa..., appium:testobject_user_id: oauth-sadginayak.15-1b0c5, appium:uiautomator2ServerInstallTimeout: 60000, appium:usedCachedDevice: false, appium:viewportRect: {height: 2260, left: 0, top: 80, width: 1080}, appium:warnings: {}, appium:webStorageEnabled: false, platformName: ANDROID, sauce:chromeOptions: {androidDevToolsPort: 22307}, sauce:options: {appiumVersion: stable, build: Monefy-Build-1, name: Android Monefy Test, username: oauth-sadginayak.15-1b0c5}}
Session ID: 315f726a-1d50-4759-99eb-b27ba1a59b1b">
      <![CDATA[org.openqa.selenium.TimeoutException: Expected condition failed: waiting for element to be clickable: AppiumBy.id: com.monefy.app.lite:id/minus_button (tried for 10 second(s) with 500 milliseconds interval)
Build info: version: '4.13.0', revision: 'ba948ece5b*'
System info: os.name: 'Windows 11', os.arch: 'amd64', os.version: '10.0', java.version: '19.0.1'
Driver info: io.appium.java_client.android.AndroidDriver
Capabilities {appium:adbHost: 172.20.0.147, appium:adbPort: 17107, appium:appActivity: com.monefy.activities.main...., appium:appPackage: com.monefy.app.lite, appium:appiumData: {appiumVersion: stable, automationName: UiAutomator2}, appium:automationName: UiAutomator2, appium:chromedriverChromeMappingFile: /root/.testobject_devices/w..., appium:chromedriverExecutableDir: /root/.testobject_devices/w..., appium:chromedriverPorts: [[3250, 3260]], appium:databaseEnabled: false, appium:desired: {adbHost: 172.20.0.147, adbPort: 17107, appActivity: com.monefy.activities.main...., appPackage: com.monefy.app.lite, automationName: UiAutomator2, chromedriverChromeMappingFile: /root/.testobject_devices/w..., chromedriverExecutableDir: /root/.testobject_devices/w..., chromedriverPorts: [[3250, 3260]], deviceName: Samsung_Galaxy_S23_FE_free, flutterSystemPort: 22607, noReset: false, platformName: Android, remoteAdbHost: 172.20.0.147, remoteAppsCacheLimit: 0, sauce:chromeOptions: {androidDevToolsPort: 22307}, sauce:options: {appiumVersion: stable, build: Monefy-Build-1, name: Android Monefy Test, username: oauth-sadginayak.15-1b0c5}, suppressKillServer: true, systemPort: 21107, uiautomator2ServerInstallTimeout: 60000}, appium:deviceApiLevel: 36, appium:deviceContextId: b067e770-cd69-4bf5-a013-791..., appium:deviceManufacturer: samsung, appium:deviceModel: SM-S711B, appium:deviceName: RZCX80A0ELV, appium:deviceScreenDensity: 450, appium:deviceScreenSize: 1080x2340, appium:deviceUDID: RZCX80A0ELV, appium:flutterSystemPort: 22607, appium:javascriptEnabled: true, appium:jobUuid: cfe6e91f76b240f38c878196af8..., appium:locationContextEnabled: false, appium:networkConnectionEnabled: true, appium:noReset: false, appium:pixelRatio: 2.8125, appium:platformVersion: 16, appium:remoteAdbHost: 172.20.0.147, appium:remoteAppsCacheLimit: 0, appium:statBarHeight: 80, appium:suppressKillServer: true, appium:systemPort: 21107, appium:takesScreenshot: true, appium:testobject_device: Samsung_Galaxy_S23_FE_free, appium:testobject_device_name: Samsung Galaxy S23 FE, appium:testobject_device_session_id: d216723c-ff2f-46e2-b903-f08..., appium:testobject_test_report_api_url: https://api.eu-central-1.sa..., appium:testobject_test_report_url: https://app.eu-central-1.sa..., appium:testobject_user_id: oauth-sadginayak.15-1b0c5, appium:uiautomator2ServerInstallTimeout: 60000, appium:usedCachedDevice: false, appium:viewportRect: {height: 2260, left: 0, top: 80, width: 1080}, appium:warnings: {}, appium:webStorageEnabled: false, platformName: ANDROID, sauce:chromeOptions: {androidDevToolsPort: 22307}, sauce:options: {appiumVersion: stable, build: Monefy-Build-1, name: Android Monefy Test, username: oauth-sadginayak.15-1b0c5}}
Session ID: 315f726a-1d50-4759-99eb-b27ba1a59b1b
at org.openqa.selenium.support.ui.WebDriverWait.timeoutException(WebDriverWait.java:84)
at org.openqa.selenium.support.ui.FluentWait.until(FluentWait.java:230)
at com.monefy.pages.HomePage.clickAddExpense(HomePage.java:25)
at com.monefy.tests.ExpenseTest.testAddExpense(ExpenseTest.java:16)
at java.base/java.util.ArrayList.forEach(ArrayList.java:1511)
... Removed 33 stack frames]]>
    </failure>
  </testcase> <!-- testAddExpense -->
</testsuite> <!-- Command line test -->
