<?xml version="1.0" encoding="UTF-8" ?>
<testsuite tests="1" failures="1" name="TestSuite" time="10.787" errors="0" skipped="0">
  <properties>
[...]
</properties>
  <testcase classname="com.monefy.tests.ExpenseTest" name="testAddExpense" time="10.787">
    <failure message="Expected condition failed: waiting for element to be clickable: AppiumBy.id: com.monefy.app.lite:id/minus_button (tried for 10 second(s) with 500 milliseconds interval)
Build info: version: &apos;4.13.0&apos;, revision: &apos;ba948ece5b*&apos;
System info: os.name: &apos;Windows 11&apos;, os.arch: &apos;amd64&apos;, os.version: &apos;10.0&apos;, java.version: &apos;19.0.1&apos;
Driver info: io.appium.java_client.android.AndroidDriver
Capabilities {appium:adbHost: 172.20.0.147, appium:adbPort: 17107, appium:appActivity: com.monefy.activities.main...., appium:appPackage: com.monefy.app.lite, appium:appiumData: {appiumVersion: stable, automationName: UiAutomator2}, appium:automationName: UiAutomator2, appium:chromedriverChromeMappingFile: /root/.testobject_devices/w..., appium:chromedriverExecutableDir: /root/.testobject_devices/w..., appium:chromedriverPorts: [[3250, 3260]], appium:databaseEnabled: false, appium:desired: {adbHost: 172.20.0.147, adbPort: 17107, appActivity: com.monefy.activities.main...., appPackage: com.monefy.app.lite, automationName: UiAutomator2, chromedriverChromeMappingFile: /root/.testobject_devices/w..., chromedriverExecutableDir: /root/.testobject_devices/w..., chromedriverPorts: [[3250, 3260]], deviceName: Samsung_Galaxy_S23_FE_free, flutterSystemPort: 22607, noReset: false, platformName: Android, remoteAdbHost: 172.20.0.147, remoteAppsCacheLimit: 0, sauce:chromeOptions: {androidDevToolsPort: 22307}, sauce:options: {appiumVersion: stable, build: Monefy-Build-1, name: Android Monefy Test, username: oauth-sadginayak.15-1b0c5}, suppressKillServer: true, systemPort: 21107, uiautomator2ServerInstallTimeout: 60000}, appium:deviceApiLevel: 36, appium:deviceContextId: b067e770-cd69-4bf5-a013-791..., appium:deviceManufacturer: samsung, appium:deviceModel: SM-S711B, appium:deviceName: RZCX80A0ELV, appium:deviceScreenDensity: 450, appium:deviceScreenSize: 1080x2340, appium:deviceUDID: RZCX80A0ELV, appium:flutterSystemPort: 22607, appium:javascriptEnabled: true, appium:jobUuid: cfe6e91f76b240f38c878196af8..., appium:locationContextEnabled: false, appium:networkConnectionEnabled: true, appium:noReset: false, appium:pixelRatio: 2.8125, appium:platformVersion: 16, appium:remoteAdbHost: 172.20.0.147, appium:remoteAppsCacheLimit: 0, appium:statBarHeight: 80, appium:suppressKillServer: true, appium:systemPort: 21107, appium:takesScreenshot: true, appium:testobject_device: Samsung_Galaxy_S23_FE_free, appium:testobject_device_name: Samsung Galaxy S23 FE, appium:testobject_device_session_id: d216723c-ff2f-46e2-b903-f08..., appium:testobject_test_report_api_url: https://api.eu-central-1.sa..., appium:testobject_test_report_url: https://app.eu-central-1.sa..., appium:testobject_user_id: oauth-sadginayak.15-1b0c5, appium:uiautomator2ServerInstallTimeout: 60000, appium:usedCachedDevice: false, appium:viewportRect: {height: 2260, left: 0, top: 80, width: 1080}, appium:warnings: {}, appium:webStorageEnabled: false, platformName: ANDROID, sauce:chromeOptions: {androidDevToolsPort: 22307}, sauce:options: {appiumVersion: stable, build: Monefy-Build-1, name: Android Monefy Test, username: oauth-sadginayak.15-1b0c5}}
Session ID: 315f726a-1d50-4759-99eb-b27ba1a59b1b" type="org.openqa.selenium.TimeoutException">org.openqa.selenium.TimeoutException: Expected condition failed: waiting for element to be clickable: AppiumBy.id: com.monefy.app.lite:id/minus_button (tried for 10 second(s) with 500 milliseconds interval)
Build info: version: &apos;4.13.0&apos;, revision: &apos;ba948ece5b*&apos;
System info: os.name: &apos;Windows 11&apos;, os.arch: &apos;amd64&apos;, os.version: &apos;10.0&apos;, java.version: &apos;19.0.1&apos;
Driver info: io.appium.java_client.android.AndroidDriver
Capabilities {appium:adbHost: 172.20.0.147, appium:adbPort: 17107, appium:appActivity: com.monefy.activities.main...., appium:appPackage: com.monefy.app.lite, appium:appiumData: {appiumVersion: stable, automationName: UiAutomator2}, appium:automationName: UiAutomator2, appium:chromedriverChromeMappingFile: /root/.testobject_devices/w..., appium:chromedriverExecutableDir: /root/.testobject_devices/w..., appium:chromedriverPorts: [[3250, 3260]], appium:databaseEnabled: false, appium:desired: {adbHost: 172.20.0.147, adbPort: 17107, appActivity: com.monefy.activities.main...., appPackage: com.monefy.app.lite, automationName: UiAutomator2, chromedriverChromeMappingFile: /root/.testobject_devices/w..., chromedriverExecutableDir: /root/.testobject_devices/w..., chromedriverPorts: [[3250, 3260]], deviceName: Samsung_Galaxy_S23_FE_free, flutterSystemPort: 22607, noReset: false, platformName: Android, remoteAdbHost: 172.20.0.147, remoteAppsCacheLimit: 0, sauce:chromeOptions: {androidDevToolsPort: 22307}, sauce:options: {appiumVersion: stable, build: Monefy-Build-1, name: Android Monefy Test, username: oauth-sadginayak.15-1b0c5}, suppressKillServer: true, systemPort: 21107, uiautomator2ServerInstallTimeout: 60000}, appium:deviceApiLevel: 36, appium:deviceContextId: b067e770-cd69-4bf5-a013-791..., appium:deviceManufacturer: samsung, appium:deviceModel: SM-S711B, appium:deviceName: RZCX80A0ELV, appium:deviceScreenDensity: 450, appium:deviceScreenSize: 1080x2340, appium:deviceUDID: RZCX80A0ELV, appium:flutterSystemPort: 22607, appium:javascriptEnabled: true, appium:jobUuid: cfe6e91f76b240f38c878196af8..., appium:locationContextEnabled: false, appium:networkConnectionEnabled: true, appium:noReset: false, appium:pixelRatio: 2.8125, appium:platformVersion: 16, appium:remoteAdbHost: 172.20.0.147, appium:remoteAppsCacheLimit: 0, appium:statBarHeight: 80, appium:suppressKillServer: true, appium:systemPort: 21107, appium:takesScreenshot: true, appium:testobject_device: Samsung_Galaxy_S23_FE_free, appium:testobject_device_name: Samsung Galaxy S23 FE, appium:testobject_device_session_id: d216723c-ff2f-46e2-b903-f08..., appium:testobject_test_report_api_url: https://api.eu-central-1.sa..., appium:testobject_test_report_url: https://app.eu-central-1.sa..., appium:testobject_user_id: oauth-sadginayak.15-1b0c5, appium:uiautomator2ServerInstallTimeout: 60000, appium:usedCachedDevice: false, appium:viewportRect: {height: 2260, left: 0, top: 80, width: 1080}, appium:warnings: {}, appium:webStorageEnabled: false, platformName: ANDROID, sauce:chromeOptions: {androidDevToolsPort: 22307}, sauce:options: {appiumVersion: stable, build: Monefy-Build-1, name: Android Monefy Test, username: oauth-sadginayak.15-1b0c5}}
Session ID: 315f726a-1d50-4759-99eb-b27ba1a59b1b
	at org.openqa.selenium.support.ui.WebDriverWait.timeoutException(WebDriverWait.java:84)
	at org.openqa.selenium.support.ui.FluentWait.until(FluentWait.java:230)
	at com.monefy.pages.HomePage.clickAddExpense(HomePage.java:25)
	at com.monefy.tests.ExpenseTest.testAddExpense(ExpenseTest.java:16)
</failure>
    <system-out>Configuring TestNG with: org.apache.maven.surefire.testng.conf.TestNG652Configurator@2096442d
</system-out>
    <system-err>SLF4J: No SLF4J providers were found.
SLF4J: Defaulting to no-operation (NOP) logger implementation
SLF4J: See https://www.slf4j.org/codes.html#noProviders for further details.
</system-err>
  </testcase>
</testsuite>